<?xml version="1.0" encoding="UTF-8"?>
<!-- Generated by org.testng.reporters.JUnitReportReporter -->
<testsuite name="com.bp.TestBPApp.AppTestNew" tests="3" time="302.729" ignored="0" failures="0" timestamp="26 Feb 2018 06:56:17 GMT" skipped="0" hostname="sinjiroy45" errors="1">
  <testcase name="checkappnew" time="95.752" classname="com.bp.TestBPApp.AppTestNew">
    <error type="org.openqa.selenium.NoSuchElementException" message="no such element: Unable to locate element: {&quot;method&quot;:&quot;link text&quot;,&quot;selector&quot;:&quot;WOMEN&quot;}
  (Session info: chrome=63.0.3239.83)
  (Driver info: chromedriver=2.34.522913 (36222509aa6e819815938cbf2709b4849735537c),platform=Linux 4.4.0-59-generic x86_64) (WARNING: The server did not provide any stacktrace information)
Command duration or timeout: 30.40 seconds
For documentation on this error, please visit: http://seleniumhq.org/exceptions/no_such_element.html
Build info: version: &#039;2.48.2&#039;, revision: &#039;41bccdd10cf2c0560f637404c2d96164b67d9d67&#039;, time: &#039;2015-10-09 13:08:06&#039;
System info: host: &#039;sinjiroy45&#039;, ip: &#039;9.195.207.180&#039;, os.name: &#039;Windows 7&#039;, os.arch: &#039;amd64&#039;, os.version: &#039;6.1&#039;, java.version: &#039;1.8.0_111&#039;
Driver info: io.appium.java_client.android.AndroidDriver
Capabilities [{noReset=true, webdriver.remote.quietExceptions=false, deviceName=emulator-5554, platform=ANY, deviceUDID=emulator-5554, desired={orientation=PORTRAIT, noReset=true, webdriver.remote.quietExceptions=false, deviceName=Samsung Galaxy S6 GoogleAPI Emulator, version=null, platform=null, proxy={proxyAutoconfigUrl=http://127.0.0.1:19876/pac.js, proxyType=PAC}, maxTypingFrequency=8, newCommandTimeout=0, platformVersion=7.1, automationName=Appium, browserName=chrome, chromeOptions={androidPackage=com.android.chrome}, udid=emulator-5554, platformName=Android, eventTimings=true}, maxTypingFrequency=8, newCommandTimeout=0, platformVersion=7.1.1, automationName=Appium, webStorageEnabled=false, takesScreenshot=true, browserName=chrome, javascriptEnabled=true, deviceManufacturer=unknown, platformName=Android, udid=emulator-5554, deviceScreenSize=1440x2560, orientation=PORTRAIT, networkConnectionEnabled=true, warnings={}, hasMetadata=true, databaseEnabled=false, version=null, proxy={proxyAutoconfigUrl=http://127.0.0.1:19876/pac.js, proxyType=PAC}, webdriver.remote.sessionid=aca968b3c4bf47dda43c73af9ab30f1c, locationContextEnabled=false, deviceModel=Android SDK built for x86_64, chromeOptions={androidPackage=com.android.chrome}, eventTimings=true}]
Session ID: aca968b3c4bf47dda43c73af9ab30f1c
*** Element info: {Using=link text, value=WOMEN}">
      <![CDATA[org.openqa.selenium.NoSuchElementException: no such element: Unable to locate element: {"method":"link text","selector":"WOMEN"}
  (Session info: chrome=63.0.3239.83)
  (Driver info: chromedriver=2.34.522913 (36222509aa6e819815938cbf2709b4849735537c),platform=Linux 4.4.0-59-generic x86_64) (WARNING: The server did not provide any stacktrace information)
Command duration or timeout: 30.40 seconds
For documentation on this error, please visit: http://seleniumhq.org/exceptions/no_such_element.html
Build info: version: '2.48.2', revision: '41bccdd10cf2c0560f637404c2d96164b67d9d67', time: '2015-10-09 13:08:06'
System info: host: 'sinjiroy45', ip: '9.195.207.180', os.name: 'Windows 7', os.arch: 'amd64', os.version: '6.1', java.version: '1.8.0_111'
Driver info: io.appium.java_client.android.AndroidDriver
Capabilities [{noReset=true, webdriver.remote.quietExceptions=false, deviceName=emulator-5554, platform=ANY, deviceUDID=emulator-5554, desired={orientation=PORTRAIT, noReset=true, webdriver.remote.quietExceptions=false, deviceName=Samsung Galaxy S6 GoogleAPI Emulator, version=null, platform=null, proxy={proxyAutoconfigUrl=http://127.0.0.1:19876/pac.js, proxyType=PAC}, maxTypingFrequency=8, newCommandTimeout=0, platformVersion=7.1, automationName=Appium, browserName=chrome, chromeOptions={androidPackage=com.android.chrome}, udid=emulator-5554, platformName=Android, eventTimings=true}, maxTypingFrequency=8, newCommandTimeout=0, platformVersion=7.1.1, automationName=Appium, webStorageEnabled=false, takesScreenshot=true, browserName=chrome, javascriptEnabled=true, deviceManufacturer=unknown, platformName=Android, udid=emulator-5554, deviceScreenSize=1440x2560, orientation=PORTRAIT, networkConnectionEnabled=true, warnings={}, hasMetadata=true, databaseEnabled=false, version=null, proxy={proxyAutoconfigUrl=http://127.0.0.1:19876/pac.js, proxyType=PAC}, webdriver.remote.sessionid=aca968b3c4bf47dda43c73af9ab30f1c, locationContextEnabled=false, deviceModel=Android SDK built for x86_64, chromeOptions={androidPackage=com.android.chrome}, eventTimings=true}]
Session ID: aca968b3c4bf47dda43c73af9ab30f1c
*** Element info: {Using=link text, value=WOMEN}
	at sun.reflect.NativeConstructorAccessorImpl.newInstance0(Native Method)
	at sun.reflect.NativeConstructorAccessorImpl.newInstance(NativeConstructorAccessorImpl.java:62)
	at sun.reflect.DelegatingConstructorAccessorImpl.newInstance(DelegatingConstructorAccessorImpl.java:45)
	at java.lang.reflect.Constructor.newInstance(Constructor.java:423)
	at org.openqa.selenium.remote.ErrorHandler.createThrowable(ErrorHandler.java:206)
	at org.openqa.selenium.remote.ErrorHandler.throwIfResponseFailed(ErrorHandler.java:158)
	at org.openqa.selenium.remote.RemoteWebDriver.execute(RemoteWebDriver.java:647)
	at io.appium.java_client.DefaultGenericMobileDriver.execute(DefaultGenericMobileDriver.java:42)
	at io.appium.java_client.AppiumDriver.execute(AppiumDriver.java:1)
	at io.appium.java_client.android.AndroidDriver.execute(AndroidDriver.java:1)
	at org.openqa.selenium.remote.RemoteWebDriver.findElement(RemoteWebDriver.java:353)
	at org.openqa.selenium.remote.RemoteWebDriver.findElementByLinkText(RemoteWebDriver.java:418)
	at io.appium.java_client.DefaultGenericMobileDriver.findElementByLinkText(DefaultGenericMobileDriver.java:69)
	at io.appium.java_client.AppiumDriver.findElementByLinkText(AppiumDriver.java:1)
	at io.appium.java_client.android.AndroidDriver.findElementByLinkText(AndroidDriver.java:1)
	at org.openqa.selenium.By$ByLinkText.findElement(By.java:246)
	at org.openqa.selenium.remote.RemoteWebDriver.findElement(RemoteWebDriver.java:345)
	at io.appium.java_client.DefaultGenericMobileDriver.findElement(DefaultGenericMobileDriver.java:52)
	at io.appium.java_client.AppiumDriver.findElement(AppiumDriver.java:1)
	at io.appium.java_client.android.AndroidDriver.findElement(AndroidDriver.java:1)
	at com.bp.TestBPApp.AppTestNew.checkappnew(AppTestNew.java:117)
	at sun.reflect.NativeMethodAccessorImpl.invoke0(Native Method)
	at sun.reflect.NativeMethodAccessorImpl.invoke(NativeMethodAccessorImpl.java:62)
	at sun.reflect.DelegatingMethodAccessorImpl.invoke(DelegatingMethodAccessorImpl.java:43)
	at java.lang.reflect.Method.invoke(Method.java:498)
	at org.testng.internal.MethodInvocationHelper.invokeMethod(MethodInvocationHelper.java:104)
	at org.testng.internal.Invoker.invokeMethod(Invoker.java:645)
	at org.testng.internal.Invoker.invokeTestMethod(Invoker.java:851)
	at org.testng.internal.Invoker.invokeTestMethods(Invoker.java:1177)
	at org.testng.internal.TestMethodWorker.invokeTestMethods(TestMethodWorker.java:129)
	at org.testng.internal.TestMethodWorker.run(TestMethodWorker.java:112)
	at org.testng.TestRunner.privateRun(TestRunner.java:756)
	at org.testng.TestRunner.run(TestRunner.java:610)
	at org.testng.SuiteRunner.runTest(SuiteRunner.java:387)
	at org.testng.SuiteRunner.access$000(SuiteRunner.java:39)
	at org.testng.SuiteRunner$SuiteWorker.run(SuiteRunner.java:421)
	at org.testng.internal.thread.ThreadUtil$2.call(ThreadUtil.java:64)
	at java.util.concurrent.FutureTask.run(FutureTask.java:266)
	at java.util.concurrent.ThreadPoolExecutor.runWorker(ThreadPoolExecutor.java:1142)
	at java.util.concurrent.ThreadPoolExecutor$Worker.run(ThreadPoolExecutor.java:617)
	at java.lang.Thread.run(Thread.java:745)
]]>
    </error>
  </testcase> <!-- checkappnew -->
  <testcase name="checkappnew" time="94.272" classname="com.bp.TestBPApp.AppTestNew"/>
  <testcase name="checkappnew" time="112.705" classname="com.bp.TestBPApp.AppTestNew"/>
</testsuite> <!-- com.bp.TestBPApp.AppTestNew -->
